2016-02-20 23:19:03  [ main:11113 ] - [ ERROR ]  Unable to connect
Firefox can't establish a connection to the server at myip.dnsomatic.com.
The site could be temporarily unavailable or too busy. Try again in a few moments.
If you are unable to load any pages, check your computer's network connection.
If your computer or network is protected by a firewall or proxy, make sure that Firefox is permitted to access the Web.
Open HomepageTry Again
2016-02-20 23:19:12  [ main:20514 ] - [ ERROR ]  Unable to connect
Firefox can't establish a connection to the server at myip.dnsomatic.com.
The site could be temporarily unavailable or too busy. Try again in a few moments.
If you are unable to load any pages, check your computer's network connection.
If your computer or network is protected by a firewall or proxy, make sure that Firefox is permitted to access the Web.
Open HomepageTry Again
2016-02-20 23:19:21  [ main:29730 ] - [ ERROR ]  Unable to connect
Firefox can't establish a connection to the server at myip.dnsomatic.com.
The site could be temporarily unavailable or too busy. Try again in a few moments.
If you are unable to load any pages, check your computer's network connection.
If your computer or network is protected by a firewall or proxy, make sure that Firefox is permitted to access the Web.
Open HomepageTry Again
2016-02-20 23:19:30  [ main:38848 ] - [ ERROR ]  Unable to connect
Firefox can't establish a connection to the server at myip.dnsomatic.com.
The site could be temporarily unavailable or too busy. Try again in a few moments.
If you are unable to load any pages, check your computer's network connection.
If your computer or network is protected by a firewall or proxy, make sure that Firefox is permitted to access the Web.
Open HomepageTry Again
2016-02-20 23:22:59  [ main:11303 ] - [ ERROR ]  Unable to connect
Firefox can't establish a connection to the server at myip.dnsomatic.com.
The site could be temporarily unavailable or too busy. Try again in a few moments.
If you are unable to load any pages, check your computer's network connection.
If your computer or network is protected by a firewall or proxy, make sure that Firefox is permitted to access the Web.
Open HomepageTry Again
2016-02-20 23:23:09  [ main:20588 ] - [ ERROR ]  Unable to connect
Firefox can't establish a connection to the server at myip.dnsomatic.com.
The site could be temporarily unavailable or too busy. Try again in a few moments.
If you are unable to load any pages, check your computer's network connection.
If your computer or network is protected by a firewall or proxy, make sure that Firefox is permitted to access the Web.
Open HomepageTry Again
2016-02-20 23:23:18  [ main:29762 ] - [ ERROR ]  Unable to connect
Firefox can't establish a connection to the server at myip.dnsomatic.com.
The site could be temporarily unavailable or too busy. Try again in a few moments.
If you are unable to load any pages, check your computer's network connection.
If your computer or network is protected by a firewall or proxy, make sure that Firefox is permitted to access the Web.
Open HomepageTry Again
2016-02-20 23:24:29  [ main:10057 ] - [ ERROR ]  Unable to connect
Firefox can't establish a connection to the server at myip.dnsomatic.com.
The site could be temporarily unavailable or too busy. Try again in a few moments.
If you are unable to load any pages, check your computer's network connection.
If your computer or network is protected by a firewall or proxy, make sure that Firefox is permitted to access the Web.
Open HomepageTry Again
2016-02-20 23:24:38  [ main:19242 ] - [ ERROR ]  Unable to connect
Firefox can't establish a connection to the server at myip.dnsomatic.com.
The site could be temporarily unavailable or too busy. Try again in a few moments.
If you are unable to load any pages, check your computer's network connection.
If your computer or network is protected by a firewall or proxy, make sure that Firefox is permitted to access the Web.
Open HomepageTry Again
2016-02-20 23:24:46  [ main:27921 ] - [ ERROR ]  Unable to connect
Firefox can't establish a connection to the server at myip.dnsomatic.com.
The site could be temporarily unavailable or too busy. Try again in a few moments.
If you are unable to load any pages, check your computer's network connection.
If your computer or network is protected by a firewall or proxy, make sure that Firefox is permitted to access the Web.
Open HomepageTry Again
2016-02-20 23:24:55  [ main:36813 ] - [ ERROR ]  Unable to connect
Firefox can't establish a connection to the server at myip.dnsomatic.com.
The site could be temporarily unavailable or too busy. Try again in a few moments.
If you are unable to load any pages, check your computer's network connection.
If your computer or network is protected by a firewall or proxy, make sure that Firefox is permitted to access the Web.
Open HomepageTry Again
2016-02-20 23:27:46  [ main:8133 ] - [ ERROR ]  Unable to connect
Firefox can't establish a connection to the server at myip.dnsomatic.com.
The site could be temporarily unavailable or too busy. Try again in a few moments.
If you are unable to load any pages, check your computer's network connection.
If your computer or network is protected by a firewall or proxy, make sure that Firefox is permitted to access the Web.
Open HomepageTry AgainUnable to connect
Firefox can't establish a connection to the server at myip.dnsomatic.com.
The site could be temporarily unavailable or too busy. Try again in a few moments.
If you are unable to load any pages, check your computer's network connection.
If your computer or network is protected by a firewall or proxy, make sure that Firefox is permitted to access the Web.
Open HomepageTry Again
2016-02-20 23:27:53  [ main:15208 ] - [ ERROR ]  Unable to connect
Firefox can't establish a connection to the server at myip.dnsomatic.com.
The site could be temporarily unavailable or too busy. Try again in a few moments.
If you are unable to load any pages, check your computer's network connection.
If your computer or network is protected by a firewall or proxy, make sure that Firefox is permitted to access the Web.
Open HomepageTry AgainUnable to connect
Firefox can't establish a connection to the server at myip.dnsomatic.com.
The site could be temporarily unavailable or too busy. Try again in a few moments.
If you are unable to load any pages, check your computer's network connection.
If your computer or network is protected by a firewall or proxy, make sure that Firefox is permitted to access the Web.
Open HomepageTry Again
2016-02-21 10:09:55  [ main:8707 ] - [ ERROR ]  Unable to connect
Firefox can't establish a connection to the server at myip.dnsomatic.com.
The site could be temporarily unavailable or too busy. Try again in a few moments.
If you are unable to load any pages, check your computer's network connection.
If your computer or network is protected by a firewall or proxy, make sure that Firefox is permitted to access the Web.
Open HomepageTry AgainUnable to connect
Firefox can't establish a connection to the server at myip.dnsomatic.com.
The site could be temporarily unavailable or too busy. Try again in a few moments.
If you are unable to load any pages, check your computer's network connection.
If your computer or network is protected by a firewall or proxy, make sure that Firefox is permitted to access the Web.
Open HomepageTry Again
2016-02-21 10:10:02  [ main:15803 ] - [ ERROR ]  Unable to connect
Firefox can't establish a connection to the server at myip.dnsomatic.com.
The site could be temporarily unavailable or too busy. Try again in a few moments.
If you are unable to load any pages, check your computer's network connection.
If your computer or network is protected by a firewall or proxy, make sure that Firefox is permitted to access the Web.
Open HomepageTry AgainUnable to connect
Firefox can't establish a connection to the server at myip.dnsomatic.com.
The site could be temporarily unavailable or too busy. Try again in a few moments.
If you are unable to load any pages, check your computer's network connection.
If your computer or network is protected by a firewall or proxy, make sure that Firefox is permitted to access the Web.
Open HomepageTry Again
2016-02-21 15:59:50  [ main:113576 ] - [ ERROR ]  The proxy server is refusing connections
Firefox is configured to use a proxy server that is refusing connections.
Check the proxy settings to make sure that they are correct.
Contact your network administrator to make sure the proxy server is working.
Open HomepageTry AgainThe proxy server is refusing connections
Firefox is configured to use a proxy server that is refusing connections.
Check the proxy settings to make sure that they are correct.
Contact your network administrator to make sure the proxy server is working.
Open HomepageTry Again
2016-02-21 15:59:59  [ main:122573 ] - [ ERROR ]  The proxy server is refusing connections
Firefox is configured to use a proxy server that is refusing connections.
Check the proxy settings to make sure that they are correct.
Contact your network administrator to make sure the proxy server is working.
Open HomepageTry AgainThe proxy server is refusing connections
Firefox is configured to use a proxy server that is refusing connections.
Check the proxy settings to make sure that they are correct.
Contact your network administrator to make sure the proxy server is working.
Open HomepageTry Again
2016-02-21 16:00:08  [ main:131606 ] - [ ERROR ]  The proxy server is refusing connections
Firefox is configured to use a proxy server that is refusing connections.
Check the proxy settings to make sure that they are correct.
Contact your network administrator to make sure the proxy server is working.
Open HomepageTry AgainThe proxy server is refusing connections
Firefox is configured to use a proxy server that is refusing connections.
Check the proxy settings to make sure that they are correct.
Contact your network administrator to make sure the proxy server is working.
Open HomepageTry Again
